MPASM  5.22                           A-D.ASM   11-7-2017  17:16:05         PAGE  1


LOC  OBJECT CODE     LINE SOURCE TEXT
  VALUE

Warning[215]: Processor superseded by command line.  Verify processor symbol.
                      00001         processor 16f876A
                      00002 
                      00003         
                      00004         INCLUDE <P16F876A.INC>
                      00001  LIST
                      00002 ; P16F876A.INC  Standard Header File, Version 1.00    Microchip Technology, Inc.
Message[301]: MESSAGE: (Processor-header file mismatch.  Verify selected processor.)
                      00380         LIST
2007   3F39           00005         __CONFIG _CP_OFF & _WDT_OFF & _PWRTE_OFF & _XT_OSC & _LVP_OFF &_BODEN_OFF
                      00006 
                      00007 
  00000020            00008 RESULTH         EQU 0X20
  00000021            00009 RESULTL         EQU 0X21
  00000022            00010 CountA          EQU 0X22
                      00011 
                      00012 
                      00013         
                      00014 ;1. Configure the A/D module:
                      00015 ;• Configure analog pins/voltage reference and
                      00016 ;digital I/O (ADCON1)
                      00017 ;• Select A/D input channel (ADCON0)
                      00018 ;• Select A/D conversion clock (ADCON0)
                      00019 ;• Turn on A/D module (ADCON0)
0000   1683           00020         BSF STATUS,RP0; banco 1
0001   1303           00021         BCF STATUS,RP1
0002   3001           00022         MOVLW   0X01
Message[302]: Register in operand not in bank 0.  Ensure that bank bits are correct.
0003   0085           00023         MOVWF   TRISA
Message[302]: Register in operand not in bank 0.  Ensure that bank bits are correct.
0004   0186           00024         CLRF    TRISB
                      00025         
Message[302]: Register in operand not in bank 0.  Ensure that bank bits are correct.
0005   0187           00026         CLRF    TRISC
                      00027         
                      00028         
                      00029         
0006   308E           00030         MOVLW   0X8E    ; PROGARMACION DE LOS BIT DEL ADCON1
Message[302]: Register in operand not in bank 0.  Ensure that bank bits are correct.
0007   009F           00031         MOVWF   ADCON1
0008   1303           00032         BCF STATUS,RP1 ;banco 2
0009   1283           00033         BCF STATUS,RP0
                      00034 
000A   3041           00035         MOVLW   0X41    ;  PROGARMACION DE LOS BIT DEL ADCON0
000B   009F           00036         MOVWF   ADCON0
000C                  00037 LOOP    
                      00038 
                      00039 ;ADCS2ADCS1ADCS0   001 PARA 5 MHZ
                      00040 ;PCFG  1110 SERIA LA COMBINACION PARA PROPONER LA ENTRADA A0 ANALOGIC EN EL PUERTO A
                      00041 ;ADFM SI VALE UNO EL RESULTADO DEL CONVERTIDORJUSTICA A LA DERECHA Y CON CERO ;JUSTIFICA A LA IZQUIERDA
                      00042 ;CHS2 TO CHS0 DEFINE EL CANAL QUE TOMARA PARA HACER LA CONVERSION EN EL CASO DEL ;CANAL A0 SE DEBE DE ;P
                            ONER 000
                      00043 ;ADON CON 1 EL CONVERTIDOR ESTA ENCENDIDO Y 0 PARA APAGARLO
MPASM  5.22                           A-D.ASM   11-7-2017  17:16:05         PAGE  2


LOC  OBJECT CODE     LINE SOURCE TEXT
  VALUE

                      00044         
                      00045 ;2. Configure A/D interrupt (if desired):
                      00046 ;• Clear ADIF bit
                      00047 ;• Set ADIE bit
                      00048 ;• Set PEIE bit
                      00049 ;• Set GIE bit
                      00050 ;3. Wait the required acquisition time.
                      00051 ; ;PIC Time Delay = 0.00002500 s with Osc = 4000000 Hz
000C   3008           00052                 movlw   D'8'
000D   00A2           00053                 movwf   CountA
000E   0BA2           00054 loop25          decfsz  CountA,1
000F   280E           00055                 goto    loop25
                      00056                 
                      00057 
                      00058 
                      00059 ;4. Start conversion:
                      00060 ;• Set GO/DONE bit (ADCON0)
                      00061 
0010   151F           00062         BSF ADCON0, GO_DONE
                      00063 
                      00064 ;5. Wait for A/D conversion to complete by either:
                      00065 ; Polling for the GO/DONE bit to be cleared
                      00066 ;(interrupts disabled); OR
                      00067 ;• Waiting for the A/D interrupt
0011   191F           00068 DONE    BTFSC   ADCON0,GO_DONE
0012   2811           00069         GOTO    DONE
                      00070 ;6. Read A/D Result register pair
                      00071 ;(ADRESH:ADRESL), clear bit ADIF if required.
                      00072 
                      00073         
0013   081E           00074         MOVF ADRESH,W
0014   0087           00075         MOVWF PORTC
0015   1303           00076         BCF STATUS,RP1
0016   1683           00077         BSF STATUS,RP0
Message[302]: Register in operand not in bank 0.  Ensure that bank bits are correct.
0017   081E           00078         MOVF    ADRESL,W
0018   1303           00079         BCF STATUS,RP1
0019   1283           00080         BCF STATUS,RP0
001A   0086           00081         MOVWF   PORTB
                      00082 
                      00083 ;7. For the next conversion, go to step 1 or step 2
                      00084 ;as required. The A/D conversion time per bit is defined as TAD.
                      00085 
001B   280C           00086         GOTO LOOP
                      00087         END
MPASM  5.22                           A-D.ASM   11-7-2017  17:16:05         PAGE  3


SYMBOL TABLE
  LABEL                             VALUE 

ACKDT                             00000005
ACKEN                             00000004
ACKSTAT                           00000006
ADCON0                            0000001F
ADCON1                            0000009F
ADCS0                             00000006
ADCS1                             00000007
ADDEN                             00000003
ADFM                              00000007
ADIE                              00000006
ADIF                              00000006
ADON                              00000000
ADRESH                            0000001E
ADRESL                            0000009E
BCLIE                             00000003
BCLIF                             00000003
BF                                00000000
BRGH                              00000002
C                                 00000000
C1INV                             00000004
C1OUT                             00000006
C2INV                             00000005
C2OUT                             00000007
CCP1CON                           00000017
CCP1IE                            00000002
CCP1IF                            00000002
CCP1M0                            00000000
CCP1M1                            00000001
CCP1M2                            00000002
CCP1M3                            00000003
CCP1X                             00000005
CCP1Y                             00000004
CCP2CON                           0000001D
CCP2IE                            00000000
CCP2IF                            00000000
CCP2M0                            00000000
CCP2M1                            00000001
CCP2M2                            00000002
CCP2M3                            00000003
CCP2X                             00000005
CCP2Y                             00000004
CCPR1H                            00000016
CCPR1L                            00000015
CCPR2H                            0000001C
CCPR2L                            0000001B
CHS0                              00000003
CHS1                              00000004
CHS2                              00000005
CIS                               00000003
CKE                               00000006
CKP                               00000004
CM0                               00000000
CM1                               00000001
MPASM  5.22                           A-D.ASM   11-7-2017  17:16:05         PAGE  4


SYMBOL TABLE
  LABEL                             VALUE 

CM2                               00000002
CMCON                             0000009C
CMIE                              00000006
CMIF                              00000006
CREN                              00000004
CSRC                              00000007
CVR0                              00000000
CVR1                              00000001
CVR2                              00000002
CVR3                              00000003
CVRCON                            0000009D
CVREN                             00000007
CVROE                             00000006
CVRR                              00000005
CountA                            00000022
D                                 00000005
DATA_ADDRESS                      00000005
DC                                00000001
DONE                              00000011
D_A                               00000005
EEADR                             0000010D
EEADRH                            0000010F
EECON1                            0000018C
EECON2                            0000018D
EEDATA                            0000010C
EEDATH                            0000010E
EEIE                              00000004
EEIF                              00000004
EEPGD                             00000007
F                                 00000001
FERR                              00000002
FSR                               00000004
GCEN                              00000007
GIE                               00000007
GO                                00000002
GO_DONE                           00000002
I2C_DATA                          00000005
I2C_READ                          00000002
I2C_START                         00000003
I2C_STOP                          00000004
INDF                              00000000
INTCON                            0000000B
INTE                              00000004
INTEDG                            00000006
INTF                              00000001
IRP                               00000007
LOOP                              0000000C
NOT_A                             00000005
NOT_ADDRESS                       00000005
NOT_BO                            00000000
NOT_BOR                           00000000
NOT_DONE                          00000002
NOT_PD                            00000003
MPASM  5.22                           A-D.ASM   11-7-2017  17:16:05         PAGE  5


SYMBOL TABLE
  LABEL                             VALUE 

NOT_POR                           00000001
NOT_RBPU                          00000007
NOT_RC8                           00000006
NOT_T1SYNC                        00000002
NOT_TO                            00000004
NOT_TX8                           00000006
NOT_W                             00000002
NOT_WRITE                         00000002
OERR                              00000001
OPTION_REG                        00000081
P                                 00000004
PCFG0                             00000000
PCFG1                             00000001
PCFG2                             00000002
PCFG3                             00000003
PCL                               00000002
PCLATH                            0000000A
PCON                              0000008E
PEIE                              00000006
PEN                               00000002
PIE1                              0000008C
PIE2                              0000008D
PIR1                              0000000C
PIR2                              0000000D
PORTA                             00000005
PORTB                             00000006
PORTC                             00000007
PR2                               00000092
PS0                               00000000
PS1                               00000001
PS2                               00000002
PSA                               00000003
R                                 00000002
RBIE                              00000003
RBIF                              00000000
RC8_9                             00000006
RC9                               00000006
RCD8                              00000000
RCEN                              00000003
RCIE                              00000005
RCIF                              00000005
RCREG                             0000001A
RCSTA                             00000018
RD                                00000000
READ_WRITE                        00000002
RESULTH                           00000020
RESULTL                           00000021
RP0                               00000005
RP1                               00000006
RSEN                              00000001
RX9                               00000006
RX9D                              00000000
R_W                               00000002
MPASM  5.22                           A-D.ASM   11-7-2017  17:16:05         PAGE  6


SYMBOL TABLE
  LABEL                             VALUE 

S                                 00000003
SEN                               00000000
SMP                               00000007
SPBRG                             00000099
SPEN                              00000007
SREN                              00000005
SSPADD                            00000093
SSPBUF                            00000013
SSPCON                            00000014
SSPCON2                           00000091
SSPEN                             00000005
SSPIE                             00000003
SSPIF                             00000003
SSPM0                             00000000
SSPM1                             00000001
SSPM2                             00000002
SSPM3                             00000003
SSPOV                             00000006
SSPSTAT                           00000094
STATUS                            00000003
SYNC                              00000004
T0CS                              00000005
T0IE                              00000005
T0IF                              00000002
T0SE                              00000004
T1CKPS0                           00000004
T1CKPS1                           00000005
T1CON                             00000010
T1INSYNC                          00000002
T1OSCEN                           00000003
T1SYNC                            00000002
T2CKPS0                           00000000
T2CKPS1                           00000001
T2CON                             00000012
TMR0                              00000001
TMR1CS                            00000001
TMR1H                             0000000F
TMR1IE                            00000000
TMR1IF                            00000000
TMR1L                             0000000E
TMR1ON                            00000000
TMR2                              00000011
TMR2IE                            00000001
TMR2IF                            00000001
TMR2ON                            00000002
TOUTPS0                           00000003
TOUTPS1                           00000004
TOUTPS2                           00000005
TOUTPS3                           00000006
TRISA                             00000085
TRISB                             00000086
TRISC                             00000087
TRMT                              00000001
MPASM  5.22                           A-D.ASM   11-7-2017  17:16:05         PAGE  7


SYMBOL TABLE
  LABEL                             VALUE 

TX8_9                             00000006
TX9                               00000006
TX9D                              00000000
TXD8                              00000000
TXEN                              00000005
TXIE                              00000004
TXIF                              00000004
TXREG                             00000019
TXSTA                             00000098
UA                                00000001
W                                 00000000
WCOL                              00000007
WR                                00000001
WREN                              00000002
WRERR                             00000003
Z                                 00000002
_BODEN_OFF                        00003FBF
_BODEN_ON                         00003FFF
_CPD_OFF                          00003FFF
_CPD_ON                           00003EFF
_CP_ALL                           00001FFF
_CP_OFF                           00003FFF
_DEBUG_OFF                        00003FFF
_DEBUG_ON                         000037FF
_HS_OSC                           00003FFE
_LP_OSC                           00003FFC
_LVP_OFF                          00003F7F
_LVP_ON                           00003FFF
_PWRTE_OFF                        00003FFF
_PWRTE_ON                         00003FF7
_RC_OSC                           00003FFF
_WDT_OFF                          00003FFB
_WDT_ON                           00003FFF
_WRT_1FOURTH                      00003BFF
_WRT_256                          00003DFF
_WRT_HALF                         000039FF
_WRT_OFF                          00003FFF
_XT_OSC                           00003FFD
__16F84A                          00000001
loop25                            0000000E


MEMORY USAGE MAP ('X' = Used,  '-' = Unused)

0000 : XXXXXXXXXXXXXXXX XXXXXXXXXXXX---- ---------------- ----------------
2000 : -------X-------- ---------------- ---------------- ----------------

All other memory blocks unused.

Program Memory Words Used:    28
Program Memory Words Free:   996

MPASM  5.22                           A-D.ASM   11-7-2017  17:16:05         PAGE  8






Errors   :     0
Warnings :     1 reported,     0 suppressed
Messages :     6 reported,     0 suppressed

